[2025-09-05 16:42:08] INFO: 📦 Banco conectado com sucesso
[2025-09-05 16:43:11] INFO: 📦 Banco conectado com sucesso
[2025-09-05 16:43:29] INFO: 📦 Banco conectado com sucesso
[2025-09-05 16:44:29] INFO: 📦 Banco conectado com sucesso
[2025-09-05 23:41:43] INFO: 📦 Banco conectado com sucesso
[2025-09-05 23:44:03] INFO: 📦 Banco conectado com sucesso
[2025-09-27 20:40:48] INFO: 📦 Banco conectado com sucesso
[2025-09-27 20:41:30] INFO: POST /api/auth/login - 200 - 0ms
[2025-09-27 20:41:30] ERROR: Invalid email or password [POST /api/auth/login]
NotFoundError: Invalid email or password
    at AuthService.login (C:\Users\Usuario\Documents\Dev\asset_breakdown\backend\dist\services\auth.service.js:48:19)
    at async login (C:\Users\Usuario\Documents\Dev\asset_breakdown\backend\dist\controllers\auth.controller.js:21:18)
[2025-09-27 20:41:30] ERROR: Request details
[2025-09-27 20:42:02] INFO: POST /api/auth/login - 200 - 0ms
[2025-09-28 21:56:27] INFO: 📦 Banco conectado com sucesso
[2025-09-28 21:56:46] INFO: POST /api/auth/login - 200 - 1ms
[2025-09-28 21:57:05] INFO: GET /api/csv-template - 200 - 0ms
[2025-09-28 21:57:05] ERROR: ENOENT: no such file or directory, stat 'C:\Users\Usuario\Documents\Dev\asset_breakdown\backend\dist\static\asset-template.csv' [GET /api/csv-template]
Error: ENOENT: no such file or directory, stat 'C:\Users\Usuario\Documents\Dev\asset_breakdown\backend\dist\static\asset-template.csv'
[2025-09-28 21:57:05] ERROR: Request details
[2025-09-28 22:09:36] INFO: GET /api/csv-template - 200 - 0ms
[2025-09-28 22:09:36] ERROR: ENOENT: no such file or directory, stat 'C:\Users\Usuario\Documents\Dev\asset_breakdown\backend\dist\static\asset-template.csv' [GET /api/csv-template]
Error: ENOENT: no such file or directory, stat 'C:\Users\Usuario\Documents\Dev\asset_breakdown\backend\dist\static\asset-template.csv'
[2025-09-28 22:09:37] ERROR: Request details
[2025-09-28 22:16:19] INFO: GET /api/csv-template - 200 - 0ms
[2025-09-28 22:16:19] ERROR: ENOENT: no such file or directory, stat 'C:\Users\Usuario\Documents\Dev\asset_breakdown\backend\dist\static\asset-template.csv' [GET /api/csv-template]
Error: ENOENT: no such file or directory, stat 'C:\Users\Usuario\Documents\Dev\asset_breakdown\backend\dist\static\asset-template.csv'
[2025-09-28 22:16:19] ERROR: Request details
[2025-09-28 22:16:52] INFO: 📦 Banco conectado com sucesso
[2025-09-28 22:17:28] INFO: GET /api/csv-template - 200 - 1ms
[2025-09-28 22:17:28] ERROR: ENOENT: no such file or directory, stat 'C:\Users\Usuario\Documents\Dev\asset_breakdown\backend\dist\static\asset-template.csv' [GET /api/csv-template]
Error: ENOENT: no such file or directory, stat 'C:\Users\Usuario\Documents\Dev\asset_breakdown\backend\dist\static\asset-template.csv'
[2025-09-28 22:17:28] ERROR: Request details
[2025-09-28 22:18:20] INFO: 📦 Banco conectado com sucesso
[2025-09-28 22:19:01] INFO: GET /api/csv-template - 200 - 1ms
[2025-09-28 22:24:18] INFO: 📦 Banco conectado com sucesso
[2025-09-28 22:24:18] INFO: POST /api/auth/login - 200 - 0ms
[2025-09-28 22:24:18] INFO: GET /api/asset-type - 200 - 0ms
[2025-09-28 22:24:27] INFO: 📦 Banco conectado com sucesso
